1649498689844	geckodriver	INFO	Listening on 127.0.0.1:42845
1649498690347	mozrunner::runner	INFO	Running command: "/usr/bin/firefox" "--marionette" "--remote-debugging-port" "39227" "-no-remote" "-profile" "/tmp/rust_mozprofileCYYDuM"
1649498690897	Marionette	INFO	Marionette enabled
console.warn: SearchSettings: "get: No settings file exists, new profile?" (new NotFoundError("Could not open the file at /tmp/rust_mozprofileCYYDuM/search.json.mozlz4", (void 0)))
DevTools listening on ws://localhost:39227/devtools/browser/8f0e6a3d-2de7-471e-b82f-314233743d02
1649498692085	Marionette	INFO	Listening on port 43769
1649498692178	RemoteAgent	WARN	TLS certificate errors will be ignored for this session
JavaScript error: resource://devtools/server/connectors/js-window-actor/DevToolsFrameParent.jsm, line 217: TypeError: watcher is undefined
JavaScript error: resource://devtools/server/connectors/js-window-actor/DevToolsFrameParent.jsm, line 217: TypeError: watcher is undefined
JavaScript error: resource://devtools/server/connectors/js-window-actor/DevToolsFrameParent.jsm, line 217: TypeError: watcher is undefined
JavaScript error: resource://devtools/server/connectors/js-window-actor/DevToolsFrameParent.jsm, line 217: TypeError: watcher is undefined
JavaScript error: resource://devtools/server/connectors/js-window-actor/DevToolsFrameParent.jsm, line 217: TypeError: watcher is undefined
1649498800506	geckodriver	INFO	Listening on 127.0.0.1:44185
1649498800512	mozrunner::runner	INFO	Running command: "/usr/bin/firefox" "--marionette" "--remote-debugging-port" "38603" "-no-remote" "-profile" "/tmp/rust_mozprofile1Uvylb"
1649498801008	Marionette	INFO	Marionette enabled
console.warn: SearchSettings: "get: No settings file exists, new profile?" (new NotFoundError("Could not open the file at /tmp/rust_mozprofile1Uvylb/search.json.mozlz4", (void 0)))
DevTools listening on ws://localhost:38603/devtools/browser/f1d32dd7-d657-4cca-a834-d4dcf0f2648a
1649498802180	Marionette	INFO	Listening on port 34799
1649498802254	RemoteAgent	WARN	TLS certificate errors will be ignored for this session
JavaScript error: resource://gre/modules/AsyncShutdown.jsm, line 575: NotFoundError: No such JSWindowActor 'DevToolsFrame'
JavaScript error: resource://gre/modules/AsyncShutdown.jsm, line 575: NotFoundError: No such JSWindowActor 'DevToolsFrame'
JavaScript error: resource://gre/modules/AsyncShutdown.jsm, line 575: NotFoundError: No such JSWindowActor 'DevToolsFrame'
JavaScript error: resource://gre/modules/AsyncShutdown.jsm, line 575: NotFoundError: No such JSWindowActor 'DevToolsFrame'
JavaScript error: resource://gre/modules/AsyncShutdown.jsm, line 575: NotFoundError: No such JSWindowActor 'DevToolsFrame'
1649498806221	Marionette	INFO	Stopped listening on port 43769
console.warn: TopSitesFeed: Failed to fetch data from Contile server: NetworkError when attempting to fetch resource.

###!!! [Parent][PImageBridgeParent] Error: RunMessage(msgname=PImageBridge::Msg_WillClose) Channel closing: too late to send/recv, messages will be lost

1649499099194	geckodriver	INFO	Listening on 127.0.0.1:41789
1649499099700	mozrunner::runner	INFO	Running command: "/usr/bin/firefox" "--marionette" "--remote-debugging-port" "38799" "-no-remote" "-profile" "/tmp/rust_mozprofilegvyVAb"
1649499100234	Marionette	INFO	Marionette enabled
console.warn: SearchSettings: "get: No settings file exists, new profile?" (new NotFoundError("Could not open the file at /tmp/rust_mozprofilegvyVAb/search.json.mozlz4", (void 0)))
DevTools listening on ws://localhost:38799/devtools/browser/f4027262-ff19-435f-ac00-acb5fe18e878
1649499101372	Marionette	INFO	Listening on port 43099
1649499101425	RemoteAgent	WARN	TLS certificate errors will be ignored for this session
console.error: Region.jsm: "Error fetching region" (new Error("TIMEOUT", "resource://gre/modules/Region.jsm", 772))
console.error: Region.jsm: "Failed to fetch region" (new Error("TIMEOUT", "resource://gre/modules/Region.jsm", 419))
1649499287742	geckodriver	INFO	Listening on 127.0.0.1:48391
1649499287749	mozrunner::runner	INFO	Running command: "/usr/bin/firefox" "--marionette" "--remote-debugging-port" "50575" "-no-remote" "-profile" "/tmp/rust_mozprofilefWunxt"
1649499288437	Marionette	INFO	Marionette enabled
console.warn: SearchSettings: "get: No settings file exists, new profile?" (new NotFoundError("Could not open the file at /tmp/rust_mozprofilefWunxt/search.json.mozlz4", (void 0)))
DevTools listening on ws://localhost:50575/devtools/browser/5ac5683b-f57e-4432-a52b-1e3c63eefc69
1649499289759	Marionette	INFO	Listening on port 41305
1649499289870	RemoteAgent	WARN	TLS certificate errors will be ignored for this session
1649499331044	addons.xpi	ERROR	System addon update list error Error: Failed downloading XML, status: 0, reason: timeout
1649499550359	Marionette	INFO	Stopped listening on port 34799
console.warn: TopSitesFeed: Failed to fetch data from Contile server: NetworkError when attempting to fetch resource.

###!!! [Parent][PImageBridgeParent] Error: RunMessage(msgname=PImageBridge::Msg_WillClose) Channel closing: too late to send/recv, messages will be lost

1649499550904	Marionette	INFO	Stopped listening on port 43099
console.warn: TopSitesFeed: Failed to fetch data from Contile server: NetworkError when attempting to fetch resource.
console.error: services.settings: 
  Message: TypeError: NetworkError: Network request failed
  Stack:
    fetch/</request.onerror@resource://services-settings/Utils.jsm:154:26

console.warn: services.settings: main/doh-config sync interrupted by shutdown
console.warn: services.settings: main/search-telemetry-v2 sync interrupted by shutdown
1649499551287	Marionette	INFO	Stopped listening on port 41305
console.warn: TopSitesFeed: Failed to fetch data from Contile server: NetworkError when attempting to fetch resource.

###!!! [Parent][PImageBridgeParent] Error: RunMessage(msgname=PImageBridge::Msg_WillClose) Channel closing: too late to send/recv, messages will be lost

1649499596909	geckodriver	INFO	Listening on 127.0.0.1:36039
1649499596912	mozrunner::runner	INFO	Running command: "/usr/bin/firefox" "--marionette" "--remote-debugging-port" "36273" "-no-remote" "-profile" "/tmp/rust_mozprofileNPwbx5"
1649499597373	Marionette	INFO	Marionette enabled
console.warn: SearchSettings: "get: No settings file exists, new profile?" (new NotFoundError("Could not open the file at /tmp/rust_mozprofileNPwbx5/search.json.mozlz4", (void 0)))
DevTools listening on ws://localhost:36273/devtools/browser/af815bc7-067c-4622-b820-553ea28740dd
1649499598356	Marionette	INFO	Listening on port 37709
1649499598438	RemoteAgent	WARN	TLS certificate errors will be ignored for this session
console.error: Region.jsm: "Error fetching region" (new Error("TIMEOUT", "resource://gre/modules/Region.jsm", 772))
console.error: Region.jsm: "Failed to fetch region" (new Error("TIMEOUT", "resource://gre/modules/Region.jsm", 419))
JavaScript error: resource://gre/modules/AsyncShutdown.jsm, line 575: NotFoundError: No such JSWindowActor 'DevToolsFrame'
JavaScript error: resource://gre/modules/AsyncShutdown.jsm, line 575: NotFoundError: No such JSWindowActor 'DevToolsFrame'
JavaScript error: resource://gre/modules/AsyncShutdown.jsm, line 575: NotFoundError: No such JSWindowActor 'DevToolsFrame'
JavaScript error: resource://gre/modules/AsyncShutdown.jsm, line 575: NotFoundError: No such JSWindowActor 'DevToolsFrame'
JavaScript error: resource://gre/modules/AsyncShutdown.jsm, line 575: NotFoundError: No such JSWindowActor 'DevToolsFrame'
1649499905784	Marionette	INFO	Stopped listening on port 37709
console.warn: TopSitesFeed: Failed to fetch data from Contile server: NetworkError when attempting to fetch resource.

###!!! [Parent][PImageBridgeParent] Error: RunMessage(msgname=PImageBridge::Msg_WillClose) Channel closing: too late to send/recv, messages will be lost

1649501326942	geckodriver	INFO	Listening on 127.0.0.1:41855
1649501327447	mozrunner::runner	INFO	Running command: "/usr/bin/firefox" "--marionette" "--remote-debugging-port" "39161" "-no-remote" "-profile" "/tmp/rust_mozprofileoEOmfG"
1649501327953	Marionette	INFO	Marionette enabled
console.warn: SearchSettings: "get: No settings file exists, new profile?" (new NotFoundError("Could not open the file at /tmp/rust_mozprofileoEOmfG/search.json.mozlz4", (void 0)))
DevTools listening on ws://localhost:39161/devtools/browser/5c27511d-92c3-4ad7-ad84-1a4b09de2672
1649501328973	Marionette	INFO	Listening on port 45871
1649501329076	RemoteAgent	WARN	TLS certificate errors will be ignored for this session
1649501463119	Marionette	INFO	Stopped listening on port 45871
console.warn: TopSitesFeed: Failed to fetch data from Contile server: NetworkError when attempting to fetch resource.
JavaScript error: chrome://remote/content/marionette/cert.js, line 55: NS_ERROR_NOT_AVAILABLE: Component returned failure code: 0x80040111 (NS_ERROR_NOT_AVAILABLE) [nsICertOverrideService.setDisableAllSecurityChecksAndLetAttackersInterceptMyData]

###!!! [Parent][PImageBridgeParent] Error: RunMessage(msgname=PImageBridge::Msg_WillClose) Channel closing: too late to send/recv, messages will be lost

1649501474017	geckodriver	INFO	Listening on 127.0.0.1:40135
1649501474524	mozrunner::runner	INFO	Running command: "/usr/bin/firefox" "--marionette" "--remote-debugging-port" "48421" "-no-remote" "-profile" "/tmp/rust_mozprofile9aLYkF"
1649501475024	Marionette	INFO	Marionette enabled
console.warn: SearchSettings: "get: No settings file exists, new profile?" (new NotFoundError("Could not open the file at /tmp/rust_mozprofile9aLYkF/search.json.mozlz4", (void 0)))
DevTools listening on ws://localhost:48421/devtools/browser/037bb4e2-e2b5-419a-8e12-bf88ce6d4102
1649501476150	Marionette	INFO	Listening on port 35647
1649501476254	RemoteAgent	WARN	TLS certificate errors will be ignored for this session
1649501656415	geckodriver	INFO	Listening on 127.0.0.1:45851
1649501656921	mozrunner::runner	INFO	Running command: "/usr/bin/firefox" "--marionette" "--remote-debugging-port" "44845" "-no-remote" "-profile" "/tmp/rust_mozprofilevor9Ci"
1649501657485	Marionette	INFO	Marionette enabled
console.warn: SearchSettings: "get: No settings file exists, new profile?" (new NotFoundError("Could not open the file at /tmp/rust_mozprofilevor9Ci/search.json.mozlz4", (void 0)))
DevTools listening on ws://localhost:44845/devtools/browser/40f1cdbc-b59f-4b02-9e73-4af533bd7323
1649501658647	Marionette	INFO	Listening on port 44117
1649501658744	RemoteAgent	WARN	TLS certificate errors will be ignored for this session
console.error: Region.jsm: "Error fetching region" (new Error("TIMEOUT", "resource://gre/modules/Region.jsm", 772))
console.error: Region.jsm: "Failed to fetch region" (new Error("TIMEOUT", "resource://gre/modules/Region.jsm", 419))
console.warn: TopSitesFeed: Failed to fetch data from Contile server: NetworkError when attempting to fetch resource.
1649501702357	Marionette	INFO	Stopped listening on port 44117
console.error: services.settings: 
  main/query-stripping Signature failed  TypeError: NetworkError: Network request failed
console.warn: TopSitesFeed: Failed to fetch data from Contile server: NetworkError when attempting to fetch resource.

###!!! [Parent][PImageBridgeParent] Error: RunMessage(msgname=PImageBridge::Msg_WillClose) Channel closing: too late to send/recv, messages will be lost

1649501871118	geckodriver	INFO	Listening on 127.0.0.1:40853
1649501871625	mozrunner::runner	INFO	Running command: "/usr/bin/firefox" "--marionette" "--remote-debugging-port" "58997" "-no-remote" "-profile" "/tmp/rust_mozprofileVYqYG6"
1649501872290	Marionette	INFO	Marionette enabled
console.warn: SearchSettings: "get: No settings file exists, new profile?" (new NotFoundError("Could not open the file at /tmp/rust_mozprofileVYqYG6/search.json.mozlz4", (void 0)))
DevTools listening on ws://localhost:58997/devtools/browser/fe99e352-9708-4e0f-a61f-6390e310b6a0
1649501873391	Marionette	INFO	Listening on port 35591
1649501873451	RemoteAgent	WARN	TLS certificate errors will be ignored for this session
1649501935872	geckodriver	INFO	Listening on 127.0.0.1:43493
1649501936379	mozrunner::runner	INFO	Running command: "/usr/bin/firefox" "--marionette" "--remote-debugging-port" "44207" "-no-remote" "-profile" "/tmp/rust_mozprofileMTIvJJ"
1649501936877	Marionette	INFO	Marionette enabled
console.warn: SearchSettings: "get: No settings file exists, new profile?" (new NotFoundError("Could not open the file at /tmp/rust_mozprofileMTIvJJ/search.json.mozlz4", (void 0)))
DevTools listening on ws://localhost:44207/devtools/browser/4164f71d-79d6-418e-8ef4-b4b41a9f4f88
1649501938127	Marionette	INFO	Listening on port 42335
1649501938258	RemoteAgent	WARN	TLS certificate errors will be ignored for this session
1649501987944	geckodriver	INFO	Listening on 127.0.0.1:33515
1649501988448	mozrunner::runner	INFO	Running command: "/usr/bin/firefox" "--marionette" "--remote-debugging-port" "57983" "-no-remote" "-profile" "/tmp/rust_mozprofileHdWbij"
1649501989023	Marionette	INFO	Marionette enabled
console.warn: SearchSettings: "get: No settings file exists, new profile?" (new NotFoundError("Could not open the file at /tmp/rust_mozprofileHdWbij/search.json.mozlz4", (void 0)))
DevTools listening on ws://localhost:57983/devtools/browser/2606a965-1211-456c-a597-71759f0160d3
1649501990156	Marionette	INFO	Listening on port 33359
1649501990285	RemoteAgent	WARN	TLS certificate errors will be ignored for this session
console.error: Region.jsm: "Error fetching region" (new Error("TIMEOUT", "resource://gre/modules/Region.jsm", 772))
console.error: Region.jsm: "Failed to fetch region" (new Error("TIMEOUT", "resource://gre/modules/Region.jsm", 419))
console.warn: LoginRecipes: "getRecipes: falling back to a synchronous message for:" "https://www.digital.sncf.com"
1649502012667	Marionette	INFO	Stopped listening on port 33359
console.warn: TopSitesFeed: Failed to fetch data from Contile server: NetworkError when attempting to fetch resource.

###!!! [Parent][PImageBridgeParent] Error: RunMessage(msgname=PImageBridge::Msg_WillClose) Channel closing: too late to send/recv, messages will be lost

1649502015761	geckodriver	INFO	Listening on 127.0.0.1:43029
1649502016269	mozrunner::runner	INFO	Running command: "/usr/bin/firefox" "--marionette" "--remote-debugging-port" "35547" "-no-remote" "-profile" "/tmp/rust_mozprofileeAVtkf"
1649502016834	Marionette	INFO	Marionette enabled
console.warn: SearchSettings: "get: No settings file exists, new profile?" (new NotFoundError("Could not open the file at /tmp/rust_mozprofileeAVtkf/search.json.mozlz4", (void 0)))
DevTools listening on ws://localhost:35547/devtools/browser/0403a007-c02c-4b18-9296-1a2c0b4ad2e8
1649502017936	Marionette	INFO	Listening on port 36629
1649502018008	RemoteAgent	WARN	TLS certificate errors will be ignored for this session
console.warn: LoginRecipes: "getRecipes: falling back to a synchronous message for:" "https://www.digital.sncf.com"
1649502093490	geckodriver	INFO	Listening on 127.0.0.1:36719
1649502093997	mozrunner::runner	INFO	Running command: "/usr/bin/firefox" "--marionette" "--remote-debugging-port" "42235" "-no-remote" "-profile" "/tmp/rust_mozprofileSgEs8x"
1649502094621	Marionette	INFO	Marionette enabled
console.warn: SearchSettings: "get: No settings file exists, new profile?" (new NotFoundError("Could not open the file at /tmp/rust_mozprofileSgEs8x/search.json.mozlz4", (void 0)))
DevTools listening on ws://localhost:42235/devtools/browser/44e97d90-2179-4631-9d0a-53a508d13699
1649502095621	Marionette	INFO	Listening on port 36431
1649502095731	RemoteAgent	WARN	TLS certificate errors will be ignored for this session
1649502124513	geckodriver	INFO	Listening on 127.0.0.1:42253
1649502125020	mozrunner::runner	INFO	Running command: "/usr/bin/firefox" "--marionette" "--remote-debugging-port" "55243" "-no-remote" "-profile" "/tmp/rust_mozprofilefZOOLw"
1649502125670	Marionette	INFO	Marionette enabled
console.warn: SearchSettings: "get: No settings file exists, new profile?" (new NotFoundError("Could not open the file at /tmp/rust_mozprofilefZOOLw/search.json.mozlz4", (void 0)))
DevTools listening on ws://localhost:55243/devtools/browser/c78643b5-9bf5-4ca8-9c2b-a3365122c557
1649502126904	Marionette	INFO	Listening on port 39023
1649502126942	RemoteAgent	WARN	TLS certificate errors will be ignored for this session
1649502244568	geckodriver	INFO	Listening on 127.0.0.1:47867
1649502245074	mozrunner::runner	INFO	Running command: "/usr/bin/firefox" "--marionette" "--remote-debugging-port" "54195" "-no-remote" "-profile" "/tmp/rust_mozprofilekddZuL"
1649502245685	Marionette	INFO	Marionette enabled
console.warn: SearchSettings: "get: No settings file exists, new profile?" (new NotFoundError("Could not open the file at /tmp/rust_mozprofilekddZuL/search.json.mozlz4", (void 0)))
DevTools listening on ws://localhost:54195/devtools/browser/4b8b78f6-b2c2-4ec0-800a-e2d3c535f260
1649502247133	Marionette	INFO	Listening on port 40003
1649502247222	RemoteAgent	WARN	TLS certificate errors will be ignored for this session
1649503194966	geckodriver	INFO	Listening on 127.0.0.1:50575
1649503195470	mozrunner::runner	INFO	Running command: "/usr/bin/firefox" "--marionette" "--remote-debugging-port" "59153" "-no-remote" "-profile" "/tmp/rust_mozprofileI5psWN"
1649503195988	Marionette	INFO	Marionette enabled
console.warn: SearchSettings: "get: No settings file exists, new profile?" (new NotFoundError("Could not open the file at /tmp/rust_mozprofileI5psWN/search.json.mozlz4", (void 0)))
DevTools listening on ws://localhost:59153/devtools/browser/4fa12704-4ee1-4be6-9cd4-6dbebda978da
1649503197091	Marionette	INFO	Listening on port 46389
1649503197201	RemoteAgent	WARN	TLS certificate errors will be ignored for this session
1649503524068	geckodriver	INFO	Listening on 127.0.0.1:44809
1649503524074	mozrunner::runner	INFO	Running command: "/usr/bin/firefox" "--marionette" "--remote-debugging-port" "58285" "-no-remote" "-profile" "/tmp/rust_mozprofilemMeTyJ"
1649503524547	Marionette	INFO	Marionette enabled
console.warn: SearchSettings: "get: No settings file exists, new profile?" (new NotFoundError("Could not open the file at /tmp/rust_mozprofilemMeTyJ/search.json.mozlz4", (void 0)))
DevTools listening on ws://localhost:58285/devtools/browser/61f09082-64e9-4826-9bee-e3127b2b23ed
1649503525618	Marionette	INFO	Listening on port 46663
1649503525702	RemoteAgent	WARN	TLS certificate errors will be ignored for this session
1649503605843	Marionette	INFO	Stopped listening on port 46663
console.warn: TopSitesFeed: Failed to fetch data from Contile server: NetworkError when attempting to fetch resource.
1649503614776	geckodriver	INFO	Listening on 127.0.0.1:33311
1649503614781	mozrunner::runner	INFO	Running command: "/usr/bin/firefox" "--marionette" "--remote-debugging-port" "54921" "-no-remote" "-profile" "/tmp/rust_mozprofile7LcEkw"
1649503615310	Marionette	INFO	Marionette enabled
console.warn: SearchSettings: "get: No settings file exists, new profile?" (new NotFoundError("Could not open the file at /tmp/rust_mozprofile7LcEkw/search.json.mozlz4", (void 0)))
DevTools listening on ws://localhost:54921/devtools/browser/09c4c714-d8c2-473f-a7ba-ad1cb945ce57
1649503616304	Marionette	INFO	Listening on port 39611
1649503616413	RemoteAgent	WARN	TLS certificate errors will be ignored for this session
1649503640712	Marionette	INFO	Stopped listening on port 39611
console.error: services.settings: 
  main/query-stripping Signature failed  TypeError: NetworkError: Network request failed
console.warn: TopSitesFeed: Failed to fetch data from Contile server: NetworkError when attempting to fetch resource.
console.warn: TopSitesFeed: Failed to fetch data from Contile server: NetworkError when attempting to fetch resource.
JavaScript error: chrome://remote/content/marionette/cert.js, line 55: NS_ERROR_NOT_AVAILABLE: Component returned failure code: 0x80040111 (NS_ERROR_NOT_AVAILABLE) [nsICertOverrideService.setDisableAllSecurityChecksAndLetAttackersInterceptMyData]

###!!! [Parent][PImageBridgeParent] Error: RunMessage(msgname=PImageBridge::Msg_WillClose) Channel closing: too late to send/recv, messages will be lost

console.error: services.settings: 
  Message: TypeError: NetworkError: Network request failed
  Stack:
    fetch/</request.onerror@resource://services-settings/Utils.jsm:154:26

console.error: services.settings: 
  Message: TypeError: NetworkError: Network request failed
  Stack:
    fetch/</request.onerror@resource://services-settings/Utils.jsm:154:26

1649503720671	addons.xpi	ERROR	System addon update list error Error: Failed downloading XML, status: 0, reason: error
1649503721943	geckodriver	INFO	Listening on 127.0.0.1:34193
1649503722447	mozrunner::runner	INFO	Running command: "/usr/bin/firefox" "--marionette" "--remote-debugging-port" "40273" "-no-remote" "-profile" "/tmp/rust_mozprofileBkgnKn"
1649503722930	Marionette	INFO	Marionette enabled
console.warn: SearchSettings: "get: No settings file exists, new profile?" (new NotFoundError("Could not open the file at /tmp/rust_mozprofileBkgnKn/search.json.mozlz4", (void 0)))
DevTools listening on ws://localhost:40273/devtools/browser/f496c5cc-8e9e-42de-a8db-0b2834f6d05c
1649503723998	Marionette	INFO	Listening on port 33773
1649503724075	RemoteAgent	WARN	TLS certificate errors will be ignored for this session
console.error: Region.jsm: "Error fetching region" (new Error("TIMEOUT", "resource://gre/modules/Region.jsm", 772))
console.error: Region.jsm: "Failed to fetch region" (new Error("TIMEOUT", "resource://gre/modules/Region.jsm", 419))
1649503771127	Marionette	INFO	Stopped listening on port 33773
console.warn: TopSitesFeed: Failed to fetch data from Contile server: NetworkError when attempting to fetch resource.
JavaScript error: chrome://remote/content/marionette/cert.js, line 55: NS_ERROR_NOT_AVAILABLE: Component returned failure code: 0x80040111 (NS_ERROR_NOT_AVAILABLE) [nsICertOverrideService.setDisableAllSecurityChecksAndLetAttackersInterceptMyData]

###!!! [Parent][PImageBridgeParent] Error: RunMessage(msgname=PImageBridge::Msg_WillClose) Channel closing: too late to send/recv, messages will be lost

1649503939916	geckodriver	INFO	Listening on 127.0.0.1:53943
1649503939919	mozrunner::runner	INFO	Running command: "/usr/bin/firefox" "--marionette" "--remote-debugging-port" "37239" "-no-remote" "-profile" "/tmp/rust_mozprofileR4uUd9"
1649503940393	Marionette	INFO	Marionette enabled
console.warn: SearchSettings: "get: No settings file exists, new profile?" (new NotFoundError("Could not open the file at /tmp/rust_mozprofileR4uUd9/search.json.mozlz4", (void 0)))
DevTools listening on ws://localhost:37239/devtools/browser/94430318-0fda-4ee8-bd23-2d1fa4f43070
1649503941404	Marionette	INFO	Listening on port 44367
1649503941434	RemoteAgent	WARN	TLS certificate errors will be ignored for this session
console.error: Region.jsm: "Error fetching region" (new Error("TIMEOUT", "resource://gre/modules/Region.jsm", 772))
console.error: Region.jsm: "Failed to fetch region" (new Error("TIMEOUT", "resource://gre/modules/Region.jsm", 419))
console.warn: TopSitesFeed: Failed to fetch data from Contile server: NetworkError when attempting to fetch resource.
1649503949712	Marionette	INFO	Stopped listening on port 44367
console.warn: TopSitesFeed: Failed to fetch data from Contile server: NetworkError when attempting to fetch resource.

###!!! [Parent][PImageBridgeParent] Error: RunMessage(msgname=PImageBridge::Msg_WillClose) Channel closing: too late to send/recv, messages will be lost

1649504046791	geckodriver	INFO	Listening on 127.0.0.1:55491
1649504047296	mozrunner::runner	INFO	Running command: "/usr/bin/firefox" "--marionette" "--remote-debugging-port" "42447" "-no-remote" "-profile" "/tmp/rust_mozprofilePD8TyE"
1649504047816	Marionette	INFO	Marionette enabled
console.warn: SearchSettings: "get: No settings file exists, new profile?" (new NotFoundError("Could not open the file at /tmp/rust_mozprofilePD8TyE/search.json.mozlz4", (void 0)))
DevTools listening on ws://localhost:42447/devtools/browser/e635df67-c021-41d3-87db-80e06f33a3c8
1649504049107	Marionette	INFO	Listening on port 40013
1649504049124	RemoteAgent	WARN	TLS certificate errors will be ignored for this session
console.error: Region.jsm: "Error fetching region" (new Error("TIMEOUT", "resource://gre/modules/Region.jsm", 772))
console.error: Region.jsm: "Failed to fetch region" (new Error("TIMEOUT", "resource://gre/modules/Region.jsm", 419))
console.warn: TopSitesFeed: Failed to fetch data from Contile server: NetworkError when attempting to fetch resource.
1649504062306	Marionette	INFO	Stopped listening on port 40013
console.warn: TopSitesFeed: Failed to fetch data from Contile server: NetworkError when attempting to fetch resource.

###!!! [Parent][PImageBridgeParent] Error: RunMessage(msgname=PImageBridge::Msg_WillClose) Channel closing: too late to send/recv, messages will be lost

1649504064775	geckodriver	INFO	Listening on 127.0.0.1:50365
1649504064781	mozrunner::runner	INFO	Running command: "/usr/bin/firefox" "--marionette" "--remote-debugging-port" "33829" "-no-remote" "-profile" "/tmp/rust_mozprofileqjcKVw"
1649504065260	Marionette	INFO	Marionette enabled
console.warn: SearchSettings: "get: No settings file exists, new profile?" (new NotFoundError("Could not open the file at /tmp/rust_mozprofileqjcKVw/search.json.mozlz4", (void 0)))
DevTools listening on ws://localhost:33829/devtools/browser/cec54312-fec7-45a1-ac59-ba0f3e617404
1649504066307	Marionette	INFO	Listening on port 43253
1649504066409	RemoteAgent	WARN	TLS certificate errors will be ignored for this session
1649504085297	Marionette	INFO	Stopped listening on port 43253
console.warn: TopSitesFeed: Failed to fetch data from Contile server: NetworkError when attempting to fetch resource.
JavaScript error: chrome://remote/content/marionette/cert.js, line 55: NS_ERROR_NOT_AVAILABLE: Component returned failure code: 0x80040111 (NS_ERROR_NOT_AVAILABLE) [nsICertOverrideService.setDisableAllSecurityChecksAndLetAttackersInterceptMyData]

###!!! [Parent][PImageBridgeParent] Error: RunMessage(msgname=PImageBridge::Msg_WillClose) Channel closing: too late to send/recv, messages will be lost

1649504124610	geckodriver	INFO	Listening on 127.0.0.1:33147
1649504124615	mozrunner::runner	INFO	Running command: "/usr/bin/firefox" "--marionette" "--remote-debugging-port" "45021" "-no-remote" "-profile" "/tmp/rust_mozprofileS2LhWY"
1649504125188	Marionette	INFO	Marionette enabled
console.warn: SearchSettings: "get: No settings file exists, new profile?" (new NotFoundError("Could not open the file at /tmp/rust_mozprofileS2LhWY/search.json.mozlz4", (void 0)))
DevTools listening on ws://localhost:45021/devtools/browser/108e17ef-7d83-46b4-8c45-a978798f7428
1649504126289	Marionette	INFO	Listening on port 34963
1649504126333	RemoteAgent	WARN	TLS certificate errors will be ignored for this session
console.error: Region.jsm: "Error fetching region" (new Error("TIMEOUT", "resource://gre/modules/Region.jsm", 772))
console.error: Region.jsm: "Failed to fetch region" (new Error("TIMEOUT", "resource://gre/modules/Region.jsm", 419))
1649504156130	Marionette	INFO	Stopped listening on port 34963
console.warn: TopSitesFeed: Failed to fetch data from Contile server: NetworkError when attempting to fetch resource.
console.warn: TopSitesFeed: Failed to fetch data from Contile server: NetworkError when attempting to fetch resource.
JavaScript error: chrome://remote/content/marionette/cert.js, line 55: NS_ERROR_NOT_AVAILABLE: Component returned failure code: 0x80040111 (NS_ERROR_NOT_AVAILABLE) [nsICertOverrideService.setDisableAllSecurityChecksAndLetAttackersInterceptMyData]

###!!! [Parent][PImageBridgeParent] Error: RunMessage(msgname=PImageBridge::Msg_WillClose) Channel closing: too late to send/recv, messages will be lost

1649504282680	geckodriver	INFO	Listening on 127.0.0.1:45405
1649504283187	mozrunner::runner	INFO	Running command: "/usr/bin/firefox" "--marionette" "--remote-debugging-port" "41141" "-no-remote" "-profile" "/tmp/rust_mozprofileLtOqKe"
1649504283679	Marionette	INFO	Marionette enabled
console.warn: SearchSettings: "get: No settings file exists, new profile?" (new NotFoundError("Could not open the file at /tmp/rust_mozprofileLtOqKe/search.json.mozlz4", (void 0)))
DevTools listening on ws://localhost:41141/devtools/browser/753630b4-1020-443b-96c6-b2ec7f77457c
1649504284976	Marionette	INFO	Listening on port 34173
1649504285053	RemoteAgent	WARN	TLS certificate errors will be ignored for this session
console.warn: LoginRecipes: "getRecipes: falling back to a synchronous message for:" "https://www.digital.sncf.com"
1649504380997	Marionette	INFO	Stopped listening on port 34173
console.warn: TopSitesFeed: Failed to fetch data from Contile server: NetworkError when attempting to fetch resource.

###!!! [Parent][PImageBridgeParent] Error: RunMessage(msgname=PImageBridge::Msg_WillClose) Channel closing: too late to send/recv, messages will be lost

1649504396340	geckodriver	INFO	Listening on 127.0.0.1:55991
1649504396847	mozrunner::runner	INFO	Running command: "/usr/bin/firefox" "--marionette" "--remote-debugging-port" "41495" "-no-remote" "-profile" "/tmp/rust_mozprofile3Vy94k"
1649504397333	Marionette	INFO	Marionette enabled
console.warn: SearchSettings: "get: No settings file exists, new profile?" (new NotFoundError("Could not open the file at /tmp/rust_mozprofile3Vy94k/search.json.mozlz4", (void 0)))
DevTools listening on ws://localhost:41495/devtools/browser/6d05c0f3-7966-4d6d-9a2c-3a8c269fcabb
1649504398633	Marionette	INFO	Listening on port 44731
1649504398694	RemoteAgent	WARN	TLS certificate errors will be ignored for this session
console.warn: LoginRecipes: "getRecipes: falling back to a synchronous message for:" "https://www.digital.sncf.com"
1649504630621	geckodriver	INFO	Listening on 127.0.0.1:58541
1649504630627	mozrunner::runner	INFO	Running command: "/usr/bin/firefox" "--marionette" "--remote-debugging-port" "35655" "-no-remote" "-profile" "/tmp/rust_mozprofileoXDCof"
1649504631265	Marionette	INFO	Marionette enabled
console.warn: SearchSettings: "get: No settings file exists, new profile?" (new NotFoundError("Could not open the file at /tmp/rust_mozprofileoXDCof/search.json.mozlz4", (void 0)))
DevTools listening on ws://localhost:35655/devtools/browser/4dcccc6e-4b74-41df-9c69-a2964f09756c
1649504632413	Marionette	INFO	Listening on port 45279
1649504632456	RemoteAgent	WARN	TLS certificate errors will be ignored for this session
console.error: Region.jsm: "Error fetching region" (new Error("TIMEOUT", "resource://gre/modules/Region.jsm", 772))
console.error: Region.jsm: "Failed to fetch region" (new Error("TIMEOUT", "resource://gre/modules/Region.jsm", 419))
console.warn: LoginRecipes: "getRecipes: falling back to a synchronous message for:" "https://www.digital.sncf.com"
1649504659434	Marionette	INFO	Stopped listening on port 45279
console.warn: TopSitesFeed: Failed to fetch data from Contile server: NetworkError when attempting to fetch resource.

###!!! [Parent][PImageBridgeParent] Error: RunMessage(msgname=PImageBridge::Msg_WillClose) Channel closing: too late to send/recv, messages will be lost

1649504700775	geckodriver	INFO	Listening on 127.0.0.1:36183
1649504701282	mozrunner::runner	INFO	Running command: "/usr/bin/firefox" "--marionette" "--remote-debugging-port" "49495" "-no-remote" "-profile" "/tmp/rust_mozprofilekfm98q"
1649504701780	Marionette	INFO	Marionette enabled
console.warn: SearchSettings: "get: No settings file exists, new profile?" (new NotFoundError("Could not open the file at /tmp/rust_mozprofilekfm98q/search.json.mozlz4", (void 0)))
DevTools listening on ws://localhost:49495/devtools/browser/be334c62-9e5d-4275-ba62-17f80adb5a25
1649504702774	Marionette	INFO	Listening on port 39815
1649504702800	RemoteAgent	WARN	TLS certificate errors will be ignored for this session
1649504746172	Marionette	INFO	Stopped listening on port 39815
console.warn: TopSitesFeed: Failed to fetch data from Contile server: NetworkError when attempting to fetch resource.

###!!! [Parent][PImageBridgeParent] Error: RunMessage(msgname=PImageBridge::Msg_WillClose) Channel closing: too late to send/recv, messages will be lost

1649504758882	geckodriver	INFO	Listening on 127.0.0.1:35203
1649504758888	mozrunner::runner	INFO	Running command: "/usr/bin/firefox" "--marionette" "--remote-debugging-port" "48013" "-no-remote" "-profile" "/tmp/rust_mozprofilect75zu"
1649504759382	Marionette	INFO	Marionette enabled
console.warn: SearchSettings: "get: No settings file exists, new profile?" (new NotFoundError("Could not open the file at /tmp/rust_mozprofilect75zu/search.json.mozlz4", (void 0)))
DevTools listening on ws://localhost:48013/devtools/browser/f561fe0d-1f8b-4870-9b8a-d3c1e6fc7057
1649504760599	Marionette	INFO	Listening on port 38765
1649504760726	RemoteAgent	WARN	TLS certificate errors will be ignored for this session
console.warn: LoginRecipes: "getRecipes: falling back to a synchronous message for:" "https://www.digital.sncf.com"
1649504804690	Marionette	INFO	Stopped listening on port 38765
console.warn: TopSitesFeed: Failed to fetch data from Contile server: NetworkError when attempting to fetch resource.

###!!! [Parent][PImageBridgeParent] Error: RunMessage(msgname=PImageBridge::Msg_WillClose) Channel closing: too late to send/recv, messages will be lost

1649505022673	geckodriver	INFO	Listening on 127.0.0.1:49669
1649505022679	mozrunner::runner	INFO	Running command: "/usr/bin/firefox" "--marionette" "--remote-debugging-port" "50369" "-no-remote" "-profile" "/tmp/rust_mozprofilerBFM3v"
1649505023209	Marionette	INFO	Marionette enabled
console.warn: SearchSettings: "get: No settings file exists, new profile?" (new NotFoundError("Could not open the file at /tmp/rust_mozprofilerBFM3v/search.json.mozlz4", (void 0)))
DevTools listening on ws://localhost:50369/devtools/browser/b8428c9a-cd0b-4985-a242-71c5ee0fe5fe
1649505024187	Marionette	INFO	Listening on port 39121
1649505024313	RemoteAgent	WARN	TLS certificate errors will be ignored for this session
console.error: Region.jsm: "Error fetching region" (new Error("TIMEOUT", "resource://gre/modules/Region.jsm", 772))
console.error: Region.jsm: "Failed to fetch region" (new Error("TIMEOUT", "resource://gre/modules/Region.jsm", 419))
1649505098967	Marionette	INFO	Stopped listening on port 39121
console.warn: TopSitesFeed: Failed to fetch data from Contile server: NetworkError when attempting to fetch resource.
JavaScript error: chrome://remote/content/marionette/cert.js, line 55: NS_ERROR_NOT_AVAILABLE: Component returned failure code: 0x80040111 (NS_ERROR_NOT_AVAILABLE) [nsICertOverrideService.setDisableAllSecurityChecksAndLetAttackersInterceptMyData]
1649505099289	geckodriver::marionette	ERROR	Failed to close browser connection: Socket not connected (os error 107)
1649505148613	geckodriver	INFO	Listening on 127.0.0.1:52873
1649505149120	mozrunner::runner	INFO	Running command: "/usr/bin/firefox" "--marionette" "--remote-debugging-port" "46089" "-no-remote" "-profile" "/tmp/rust_mozprofileyMDvOU"
1649505149611	Marionette	INFO	Marionette enabled
console.warn: SearchSettings: "get: No settings file exists, new profile?" (new NotFoundError("Could not open the file at /tmp/rust_mozprofileyMDvOU/search.json.mozlz4", (void 0)))
DevTools listening on ws://localhost:46089/devtools/browser/1ec107e7-de0a-4011-b079-5eb865052b55
1649505150633	Marionette	INFO	Listening on port 39115
1649505150754	RemoteAgent	WARN	TLS certificate errors will be ignored for this session
console.warn: LoginRecipes: "getRecipes: falling back to a synchronous message for:" "https://www.digital.sncf.com"
1649512757980	geckodriver	INFO	Listening on 127.0.0.1:57677
1649512758482	mozrunner::runner	INFO	Running command: "/usr/bin/firefox" "--marionette" "--remote-debugging-port" "33817" "-no-remote" "-profile" "/tmp/rust_mozprofilexi2OrZ"
1649512758981	Marionette	INFO	Marionette enabled
console.warn: SearchSettings: "get: No settings file exists, new profile?" (new NotFoundError("Could not open the file at /tmp/rust_mozprofilexi2OrZ/search.json.mozlz4", (void 0)))
DevTools listening on ws://localhost:33817/devtools/browser/cd9d046f-7488-43cd-9373-62486b43bc49
1649512760035	Marionette	INFO	Listening on port 43463
1649512760112	RemoteAgent	WARN	TLS certificate errors will be ignored for this session
console.warn: LoginRecipes: "getRecipes: falling back to a synchronous message for:" "https://www.digital.sncf.com"
1649512832415	geckodriver	INFO	Listening on 127.0.0.1:50689
1649512832922	mozrunner::runner	INFO	Running command: "/usr/bin/firefox" "--marionette" "--remote-debugging-port" "34157" "-no-remote" "-profile" "/tmp/rust_mozprofileQa91Y1"
1649512833413	Marionette	INFO	Marionette enabled
console.warn: SearchSettings: "get: No settings file exists, new profile?" (new NotFoundError("Could not open the file at /tmp/rust_mozprofileQa91Y1/search.json.mozlz4", (void 0)))
DevTools listening on ws://localhost:34157/devtools/browser/e84ed819-f4b0-4685-b655-0d1bbfd4e9dd
1649512834409	Marionette	INFO	Listening on port 37685
1649512834442	RemoteAgent	WARN	TLS certificate errors will be ignored for this session
console.warn: LoginRecipes: "getRecipes: falling back to a synchronous message for:" "https://www.digital.sncf.com"
1649513341700	geckodriver	INFO	Listening on 127.0.0.1:44677
1649513341706	mozrunner::runner	INFO	Running command: "/usr/bin/firefox" "--marionette" "--remote-debugging-port" "59107" "-no-remote" "-profile" "/tmp/rust_mozprofile3DCVgt"
1649513342228	Marionette	INFO	Marionette enabled
console.warn: SearchSettings: "get: No settings file exists, new profile?" (new NotFoundError("Could not open the file at /tmp/rust_mozprofile3DCVgt/search.json.mozlz4", (void 0)))
DevTools listening on ws://localhost:59107/devtools/browser/e51c4e50-adeb-4043-9f65-a321ec417043
1649513343330	Marionette	INFO	Listening on port 43909
1649513343435	RemoteAgent	WARN	TLS certificate errors will be ignored for this session
1649513448741	geckodriver	INFO	Listening on 127.0.0.1:44297
1649513448748	mozrunner::runner	INFO	Running command: "/usr/bin/firefox" "--marionette" "--remote-debugging-port" "42545" "-no-remote" "-profile" "/tmp/rust_mozprofileQiQxPa"
1649513449306	Marionette	INFO	Marionette enabled
console.warn: SearchSettings: "get: No settings file exists, new profile?" (new NotFoundError("Could not open the file at /tmp/rust_mozprofileQiQxPa/search.json.mozlz4", (void 0)))
DevTools listening on ws://localhost:42545/devtools/browser/9c1c41a6-cc34-4bae-8d13-206478ae9b10
1649513450502	Marionette	INFO	Listening on port 33495
1649513450567	RemoteAgent	WARN	TLS certificate errors will be ignored for this session
console.warn: LoginRecipes: "getRecipes: falling back to a synchronous message for:" "https://www.digital.sncf.com"
1649513456619	Marionette	INFO	Stopped listening on port 33495
console.warn: TopSitesFeed: Failed to fetch data from Contile server: NetworkError when attempting to fetch resource.
JavaScript error: chrome://remote/content/marionette/cert.js, line 55: NS_ERROR_NOT_AVAILABLE: Component returned failure code: 0x80040111 (NS_ERROR_NOT_AVAILABLE) [nsICertOverrideService.setDisableAllSecurityChecksAndLetAttackersInterceptMyData]

###!!! [Parent][PImageBridgeParent] Error: RunMessage(msgname=PImageBridge::Msg_WillClose) Channel closing: too late to send/recv, messages will be lost

1649513501066	geckodriver	INFO	Listening on 127.0.0.1:58795
1649513501574	mozrunner::runner	INFO	Running command: "/usr/bin/firefox" "--marionette" "--remote-debugging-port" "41963" "-no-remote" "-profile" "/tmp/rust_mozprofileZSxBnu"
1649513502158	Marionette	INFO	Marionette enabled
console.warn: SearchSettings: "get: No settings file exists, new profile?" (new NotFoundError("Could not open the file at /tmp/rust_mozprofileZSxBnu/search.json.mozlz4", (void 0)))
DevTools listening on ws://localhost:41963/devtools/browser/21b92f3c-982c-4d54-83c0-d1a31ab806e7
1649513503254	Marionette	INFO	Listening on port 45605
1649513503294	RemoteAgent	WARN	TLS certificate errors will be ignored for this session
1649513507531	Marionette	WARN	TimedPromise timed out after 500 ms: stacktrace:
TimedPromise/<@chrome://remote/content/marionette/sync.js:235:19
TimedPromise@chrome://remote/content/marionette/sync.js:220:10
interaction.flushEventLoop@chrome://remote/content/marionette/interaction.js:431:10
webdriverClickElement@chrome://remote/content/marionette/interaction.js:179:31
console.warn: LoginRecipes: "getRecipes: falling back to a synchronous message for:" "https://www.digital.sncf.com"
1649513514654	Marionette	INFO	Stopped listening on port 45605
console.warn: TopSitesFeed: Failed to fetch data from Contile server: NetworkError when attempting to fetch resource.
JavaScript error: chrome://remote/content/marionette/cert.js, line 55: NS_ERROR_NOT_AVAILABLE: Component returned failure code: 0x80040111 (NS_ERROR_NOT_AVAILABLE) [nsICertOverrideService.setDisableAllSecurityChecksAndLetAttackersInterceptMyData]

###!!! [Parent][PImageBridgeParent] Error: RunMessage(msgname=PImageBridge::Msg_WillClose) Channel closing: too late to send/recv, messages will be lost

1649513664664	geckodriver	INFO	Listening on 127.0.0.1:55029
1649513664671	mozrunner::runner	INFO	Running command: "/usr/bin/firefox" "--marionette" "--remote-debugging-port" "58699" "-no-remote" "-profile" "/tmp/rust_mozprofileNy8LDV"
1649513665229	Marionette	INFO	Marionette enabled
console.warn: SearchSettings: "get: No settings file exists, new profile?" (new NotFoundError("Could not open the file at /tmp/rust_mozprofileNy8LDV/search.json.mozlz4", (void 0)))
DevTools listening on ws://localhost:58699/devtools/browser/0a016603-25ae-49fb-b7d4-84c37386bb45
1649513666519	Marionette	INFO	Listening on port 38069
1649513666682	RemoteAgent	WARN	TLS certificate errors will be ignored for this session
1649513668146	Marionette	INFO	Stopped listening on port 38069
console.warn: TopSitesFeed: Failed to fetch data from Contile server: NetworkError when attempting to fetch resource.
JavaScript error: chrome://remote/content/marionette/cert.js, line 55: NS_ERROR_NOT_AVAILABLE: Component returned failure code: 0x80040111 (NS_ERROR_NOT_AVAILABLE) [nsICertOverrideService.setDisableAllSecurityChecksAndLetAttackersInterceptMyData]

###!!! [Parent][PImageBridgeParent] Error: RunMessage(msgname=PImageBridge::Msg_WillClose) Channel closing: too late to send/recv, messages will be lost

1649513680847	geckodriver	INFO	Listening on 127.0.0.1:38297
1649513680853	mozrunner::runner	INFO	Running command: "/usr/bin/firefox" "--marionette" "--remote-debugging-port" "33381" "-no-remote" "-profile" "/tmp/rust_mozprofileJGVnsf"
1649513681467	Marionette	INFO	Marionette enabled
console.warn: SearchSettings: "get: No settings file exists, new profile?" (new NotFoundError("Could not open the file at /tmp/rust_mozprofileJGVnsf/search.json.mozlz4", (void 0)))
DevTools listening on ws://localhost:33381/devtools/browser/c692e615-80cd-4304-b2ab-033d5a586243
1649513682645	Marionette	INFO	Listening on port 36815
1649513682676	RemoteAgent	WARN	TLS certificate errors will be ignored for this session
console.warn: LoginRecipes: "getRecipes: falling back to a synchronous message for:" "https://www.digital.sncf.com"
1649513791581	geckodriver	INFO	Listening on 127.0.0.1:52343
1649513791587	mozrunner::runner	INFO	Running command: "/usr/bin/firefox" "--marionette" "--remote-debugging-port" "60729" "-no-remote" "-profile" "/tmp/rust_mozprofileDZnBuP"
1649513792084	Marionette	INFO	Marionette enabled
console.warn: SearchSettings: "get: No settings file exists, new profile?" (new NotFoundError("Could not open the file at /tmp/rust_mozprofileDZnBuP/search.json.mozlz4", (void 0)))
DevTools listening on ws://localhost:60729/devtools/browser/2d8798e5-823e-4e51-b26f-ce50aa7fe404
1649513793247	Marionette	INFO	Listening on port 41361
1649513793321	RemoteAgent	WARN	TLS certificate errors will be ignored for this session
console.error: Region.jsm: "Error fetching region" (new Error("TIMEOUT", "resource://gre/modules/Region.jsm", 772))
console.error: Region.jsm: "Failed to fetch region" (new Error("TIMEOUT", "resource://gre/modules/Region.jsm", 419))
1649513827271	Marionette	INFO	Stopped listening on port 41361
console.warn: TopSitesFeed: Failed to fetch data from Contile server: NetworkError when attempting to fetch resource.
console.warn: TopSitesFeed: Failed to fetch data from Contile server: NetworkError when attempting to fetch resource.
JavaScript error: chrome://remote/content/marionette/cert.js, line 55: NS_ERROR_NOT_AVAILABLE: Component returned failure code: 0x80040111 (NS_ERROR_NOT_AVAILABLE) [nsICertOverrideService.setDisableAllSecurityChecksAndLetAttackersInterceptMyData]
1649513852557	addons.xpi	ERROR	System addon update list error Error: Failed downloading XML, status: 0, reason: error
1649514392216	geckodriver	INFO	Listening on 127.0.0.1:59851
1649514392723	mozrunner::runner	INFO	Running command: "/usr/bin/firefox" "--marionette" "--remote-debugging-port" "48165" "-no-remote" "-profile" "/tmp/rust_mozprofileL7blTi"
1649514393263	Marionette	INFO	Marionette enabled
console.warn: SearchSettings: "get: No settings file exists, new profile?" (new NotFoundError("Could not open the file at /tmp/rust_mozprofileL7blTi/search.json.mozlz4", (void 0)))
DevTools listening on ws://localhost:48165/devtools/browser/bf275321-5ff3-441a-af3f-0adc06af6c95
1649514394401	Marionette	INFO	Listening on port 39307
1649514394443	RemoteAgent	WARN	TLS certificate errors will be ignored for this session
1649514410715	Marionette	INFO	Stopped listening on port 39307
console.warn: TopSitesFeed: Failed to fetch data from Contile server: NetworkError when attempting to fetch resource.
JavaScript error: chrome://remote/content/marionette/cert.js, line 55: NS_ERROR_NOT_AVAILABLE: Component returned failure code: 0x80040111 (NS_ERROR_NOT_AVAILABLE) [nsICertOverrideService.setDisableAllSecurityChecksAndLetAttackersInterceptMyData]

###!!! [Parent][PImageBridgeParent] Error: RunMessage(msgname=PImageBridge::Msg_WillClose) Channel closing: too late to send/recv, messages will be lost

1649514437158	geckodriver	INFO	Listening on 127.0.0.1:59549
1649514437666	mozrunner::runner	INFO	Running command: "/usr/bin/firefox" "--marionette" "--remote-debugging-port" "46379" "-no-remote" "-profile" "/tmp/rust_mozprofilebKRdwc"
1649514438206	Marionette	INFO	Marionette enabled
console.warn: SearchSettings: "get: No settings file exists, new profile?" (new NotFoundError("Could not open the file at /tmp/rust_mozprofilebKRdwc/search.json.mozlz4", (void 0)))
DevTools listening on ws://localhost:46379/devtools/browser/a612f72d-7475-45e9-aebe-a5c2304275a0
1649514439293	Marionette	INFO	Listening on port 39257
1649514439401	RemoteAgent	WARN	TLS certificate errors will be ignored for this session
1649514524396	geckodriver	INFO	Listening on 127.0.0.1:43295
1649514524401	mozrunner::runner	INFO	Running command: "/usr/bin/firefox" "--marionette" "--remote-debugging-port" "49013" "-no-remote" "-profile" "/tmp/rust_mozprofileZepTyZ"
1649514525020	Marionette	INFO	Marionette enabled
console.warn: SearchSettings: "get: No settings file exists, new profile?" (new NotFoundError("Could not open the file at /tmp/rust_mozprofileZepTyZ/search.json.mozlz4", (void 0)))
DevTools listening on ws://localhost:49013/devtools/browser/adf31679-cfde-4ecf-8783-d539f9b3f2ae
1649514526164	Marionette	INFO	Listening on port 44711
1649514526231	RemoteAgent	WARN	TLS certificate errors will be ignored for this session
1649514563253	geckodriver	INFO	Listening on 127.0.0.1:56907
1649514563761	mozrunner::runner	INFO	Running command: "/usr/bin/firefox" "--marionette" "--remote-debugging-port" "39797" "-no-remote" "-profile" "/tmp/rust_mozprofilex9pjH2"
1649514564413	Marionette	INFO	Marionette enabled
console.warn: SearchSettings: "get: No settings file exists, new profile?" (new NotFoundError("Could not open the file at /tmp/rust_mozprofilex9pjH2/search.json.mozlz4", (void 0)))
DevTools listening on ws://localhost:39797/devtools/browser/12043fb1-5c94-4c70-bf61-44c47b6b6241
1649514565476	Marionette	INFO	Listening on port 38309
1649514565581	RemoteAgent	WARN	TLS certificate errors will be ignored for this session
1649514587259	Marionette	INFO	Stopped listening on port 38309
console.warn: TopSitesFeed: Failed to fetch data from Contile server: NetworkError when attempting to fetch resource.
JavaScript error: chrome://remote/content/marionette/cert.js, line 55: NS_ERROR_NOT_AVAILABLE: Component returned failure code: 0x80040111 (NS_ERROR_NOT_AVAILABLE) [nsICertOverrideService.setDisableAllSecurityChecksAndLetAttackersInterceptMyData]

###!!! [Parent][PImageBridgeParent] Error: RunMessage(msgname=PImageBridge::Msg_WillClose) Channel closing: too late to send/recv, messages will be lost

1649514591972	geckodriver	INFO	Listening on 127.0.0.1:39819
1649514592480	mozrunner::runner	INFO	Running command: "/usr/bin/firefox" "--marionette" "--remote-debugging-port" "60987" "-no-remote" "-profile" "/tmp/rust_mozprofileIXnsns"
1649514593115	Marionette	INFO	Marionette enabled
console.warn: SearchSettings: "get: No settings file exists, new profile?" (new NotFoundError("Could not open the file at /tmp/rust_mozprofileIXnsns/search.json.mozlz4", (void 0)))
DevTools listening on ws://localhost:60987/devtools/browser/be89f8ab-476e-4032-8822-eaa0158fbd9c
1649514594228	Marionette	INFO	Listening on port 36991
1649514594305	RemoteAgent	WARN	TLS certificate errors will be ignored for this session
console.warn: LoginRecipes: "getRecipes: falling back to a synchronous message for:" "https://www.digital.sncf.com"
1649514601439	Marionette	INFO	Stopped listening on port 36991
console.warn: TopSitesFeed: Failed to fetch data from Contile server: NetworkError when attempting to fetch resource.
JavaScript error: chrome://remote/content/marionette/cert.js, line 55: NS_ERROR_NOT_AVAILABLE: Component returned failure code: 0x80040111 (NS_ERROR_NOT_AVAILABLE) [nsICertOverrideService.setDisableAllSecurityChecksAndLetAttackersInterceptMyData]

###!!! [Parent][PImageBridgeParent] Error: RunMessage(msgname=PImageBridge::Msg_WillClose) Channel closing: too late to send/recv, messages will be lost

1649514652644	geckodriver	INFO	Listening on 127.0.0.1:38715
1649514653152	mozrunner::runner	INFO	Running command: "/usr/bin/firefox" "--marionette" "--remote-debugging-port" "33647" "-no-remote" "-profile" "/tmp/rust_mozprofile2yt2bc"
1649514653768	Marionette	INFO	Marionette enabled
console.warn: SearchSettings: "get: No settings file exists, new profile?" (new NotFoundError("Could not open the file at /tmp/rust_mozprofile2yt2bc/search.json.mozlz4", (void 0)))
DevTools listening on ws://localhost:33647/devtools/browser/75f1ec28-993f-4959-b797-9a9af20051c1
1649514654996	Marionette	INFO	Listening on port 46445
1649514655151	RemoteAgent	WARN	TLS certificate errors will be ignored for this session
console.warn: LoginRecipes: "getRecipes: falling back to a synchronous message for:" "https://www.digital.sncf.com"
1649514702642	Marionette	INFO	Stopped listening on port 46445
console.warn: TopSitesFeed: Failed to fetch data from Contile server: NetworkError when attempting to fetch resource.
JavaScript error: chrome://remote/content/marionette/cert.js, line 55: NS_ERROR_NOT_AVAILABLE: Component returned failure code: 0x80040111 (NS_ERROR_NOT_AVAILABLE) [nsICertOverrideService.setDisableAllSecurityChecksAndLetAttackersInterceptMyData]

###!!! [Parent][PImageBridgeParent] Error: RunMessage(msgname=PImageBridge::Msg_WillClose) Channel closing: too late to send/recv, messages will be lost

1649514713487	Marionette	INFO	Stopped listening on port 44711
console.warn: TopSitesFeed: Failed to fetch data from Contile server: NetworkError when attempting to fetch resource.
JavaScript error: chrome://remote/content/marionette/cert.js, line 55: NS_ERROR_NOT_AVAILABLE: Component returned failure code: 0x80040111 (NS_ERROR_NOT_AVAILABLE) [nsICertOverrideService.setDisableAllSecurityChecksAndLetAttackersInterceptMyData]
1649514714349	Marionette	INFO	Stopped listening on port 39257
console.warn: TopSitesFeed: Failed to fetch data from Contile server: NetworkError when attempting to fetch resource.
JavaScript error: chrome://remote/content/marionette/cert.js, line 55: NS_ERROR_NOT_AVAILABLE: Component returned failure code: 0x80040111 (NS_ERROR_NOT_AVAILABLE) [nsICertOverrideService.setDisableAllSecurityChecksAndLetAttackersInterceptMyData]

###!!! [Parent][PImageBridgeParent] Error: RunMessage(msgname=PImageBridge::Msg_WillClose) Channel closing: too late to send/recv, messages will be lost

1649514734559	Marionette	INFO	Stopped listening on port 43463
console.warn: TopSitesFeed: Failed to fetch data from Contile server: NetworkError when attempting to fetch resource.
JavaScript error: chrome://remote/content/marionette/cert.js, line 55: NS_ERROR_NOT_AVAILABLE: Component returned failure code: 0x80040111 (NS_ERROR_NOT_AVAILABLE) [nsICertOverrideService.setDisableAllSecurityChecksAndLetAttackersInterceptMyData]

###!!! [Parent][PImageBridgeParent] Error: RunMessage(msgname=PImageBridge::Msg_WillClose) Channel closing: too late to send/recv, messages will be lost

1649514735021	Marionette	INFO	Stopped listening on port 37685
console.warn: TopSitesFeed: Failed to fetch data from Contile server: NetworkError when attempting to fetch resource.
JavaScript error: chrome://remote/content/marionette/cert.js, line 55: NS_ERROR_NOT_AVAILABLE: Component returned failure code: 0x80040111 (NS_ERROR_NOT_AVAILABLE) [nsICertOverrideService.setDisableAllSecurityChecksAndLetAttackersInterceptMyData]

###!!! [Parent][PImageBridgeParent] Error: RunMessage(msgname=PImageBridge::Msg_WillClose) Channel closing: too late to send/recv, messages will be lost

1649514735466	Marionette	INFO	Stopped listening on port 43909
console.warn: TopSitesFeed: Failed to fetch data from Contile server: NetworkError when attempting to fetch resource.
JavaScript error: chrome://remote/content/marionette/cert.js, line 55: NS_ERROR_NOT_AVAILABLE: Component returned failure code: 0x80040111 (NS_ERROR_NOT_AVAILABLE) [nsICertOverrideService.setDisableAllSecurityChecksAndLetAttackersInterceptMyData]
1649514735903	Marionette	INFO	Stopped listening on port 36815
console.warn: TopSitesFeed: Failed to fetch data from Contile server: NetworkError when attempting to fetch resource.
JavaScript error: chrome://remote/content/marionette/cert.js, line 55: NS_ERROR_NOT_AVAILABLE: Component returned failure code: 0x80040111 (NS_ERROR_NOT_AVAILABLE) [nsICertOverrideService.setDisableAllSecurityChecksAndLetAttackersInterceptMyData]

###!!! [Parent][PImageBridgeParent] Error: RunMessage(msgname=PImageBridge::Msg_WillClose) Channel closing: too late to send/recv, messages will be lost

